<?xml version="1.0" encoding="UTF-8"?>
<testsuite xmlns:xsi="http://www.w3.org/2001/XMLSchema-instance" xsi:noNamespaceSchemaLocation="https://maven.apache.org/surefire/maven-surefire-plugin/xsd/surefire-test-report-3.0.xsd" version="3.0" name="TestSuite" time="11.938" tests="1" errors="0" skipped="0" failures="0">
  <properties>
[...]
</properties>
  <testcase name="studentEnrollmentTest" classname="com.euka.tests.TC01_StudentEnrollmentTest" time="3.406">
    <system-out><![CDATA[...
... TestNG 7.10.2 by Cédric Beust (cedric@beust.com)
...

<<<<<<   Test Suite started!  >>>>>>>>>>>
<<<<<<   studentEnrollmentTest Started!!  >>>>>>>>>>>
<<< Rating popup is not visible >>>
<<<<<<   studentEnrollmentTest Passed!!  >>>>>>>>>>>
]]></system-out>
  </testcase>
</testsuite>