<?xml version="1.0" encoding="UTF-8"?>
<testng-results ignored="0" total="1" passed="1" failed="0" skipped="0">
  <reporter-output>
  </reporter-output>
  <suite started-at="2024-06-30T14:21:31 IST" name="Open Cart Test Regression PW Suite" finished-at="2024-06-30T14:21:42 IST" duration-ms="11368">
    <groups>
    </groups>
    <test started-at="2024-06-30T14:21:31 IST" name="LoginTest" finished-at="2024-06-30T14:21:42 IST" duration-ms="11368">
      <class name="com.euka.tests.TC01_StudentEnrollmentTest">
        <test-method is-config="true" signature="setup()[pri:0, instance:com.euka.tests.TC01_StudentEnrollmentTest@7c711375]" started-at="2024-06-30T14:21:31 IST" name="setup" finished-at="2024-06-30T14:21:35 IST" duration-ms="4679" status="PASS">
          <reporter-output>
          </reporter-output>
        </test-method> <!-- setup -->
        <test-method is-config="true" signature="login()[pri:0, instance:com.euka.tests.TC01_StudentEnrollmentTest@7c711375]" started-at="2024-06-30T14:21:35 IST" name="login" finished-at="2024-06-30T14:21:38 IST" duration-ms="3114" status="PASS">
          <reporter-output>
          </reporter-output>
        </test-method> <!-- login -->
        <test-method signature="studentEnrollmentTest()[pri:1, instance:com.euka.tests.TC01_StudentEnrollmentTest@7c711375]" started-at="2024-06-30T14:21:38 IST" name="studentEnrollmentTest" finished-at="2024-06-30T14:21:42 IST" duration-ms="3336" status="PASS">
          <reporter-output>
          </reporter-output>
        </test-method> <!-- studentEnrollmentTest -->
        <test-method is-config="true" signature="tearDown()[pri:0, instance:com.euka.tests.TC01_StudentEnrollmentTest@7c711375]" started-at="2024-06-30T14:21:42 IST" name="tearDown" finished-at="2024-06-30T14:21:42 IST" duration-ms="138" status="PASS">
          <reporter-output>
          </reporter-output>
        </test-method> <!-- tearDown -->
      </class> <!-- com.euka.tests.TC01_StudentEnrollmentTest -->
    </test> <!-- LoginTest -->
  </suite> <!-- Open Cart Test Regression PW Suite -->
</testng-results>
